2022-05-18 15:10:02.670  INFO 10840 --- [main] com.example.webchat.WebchatApplication   : Starting WebchatApplication using Java 16.0.2 on iMac with PID 10840 (/Users/imac/ImChat/Boot/Webchat/target/classes started by imac in /Users/imac/ImChat/Boot)
2022-05-18 15:10:02.699  INFO 10840 --- [main] com.example.webchat.WebchatApplication   : No active profile set, falling back to 1 default profile: "default"
2022-05-18 15:10:03.966  INFO 10840 --- [main] .s.d.r.c.RepositoryConfigurationDelegate : Multiple Spring Data modules found, entering strict repository configuration mode!
2022-05-18 15:10:03.968  INFO 10840 --- [main] .s.d.r.c.RepositoryConfigurationDelegate : Bootstrapping Spring Data Redis repositories in DEFAULT mode.
2022-05-18 15:10:03.992  INFO 10840 --- [main] .s.d.r.c.RepositoryConfigurationDelegate : Finished Spring Data repository scanning in 8 ms. Found 0 Redis repository interfaces.
2022-05-18 15:10:05.173  INFO 10840 --- [main] o.s.b.w.embedded.tomcat.TomcatWebServer  : Tomcat initialized with port(s): 9000 (http)
2022-05-18 15:10:05.191  INFO 10840 --- [main] o.apache.catalina.core.StandardService   : Starting service [Tomcat]
2022-05-18 15:10:05.192  INFO 10840 --- [main] org.apache.catalina.core.StandardEngine  : Starting Servlet engine: [Apache Tomcat/9.0.62]
2022-05-18 15:10:05.289  INFO 10840 --- [main] o.a.c.c.C.[Tomcat].[localhost].[/]       : Initializing Spring embedded WebApplicationContext
2022-05-18 15:10:05.290  INFO 10840 --- [main] w.s.c.ServletWebServerApplicationContext : Root WebApplicationContext: initialization completed in 2524 ms
2022-05-18 15:10:06.398  INFO 10840 --- [main] o.s.b.w.embedded.tomcat.TomcatWebServer  : Tomcat started on port(s): 9000 (http) with context path ''
2022-05-18 15:10:06.408  INFO 10840 --- [main] com.example.webchat.WebchatApplication   : Started WebchatApplication in 4.406 seconds (JVM running for 5.668)
2022-05-18 15:10:18.813  INFO 10840 --- [http-nio-9000-exec-1] o.a.c.c.C.[Tomcat].[localhost].[/]       : Initializing Spring DispatcherServlet 'dispatcherServlet'
2022-05-18 15:10:18.878  INFO 10840 --- [http-nio-9000-exec-1] o.s.web.servlet.DispatcherServlet        : Initializing Servlet 'dispatcherServlet'
2022-05-18 15:10:18.880  INFO 10840 --- [http-nio-9000-exec-1] o.s.web.servlet.DispatcherServlet        : Completed initialization in 1 ms
2022-05-18 15:15:43.085  INFO 10840 --- [http-nio-9000-exec-8] com.zaxxer.hikari.HikariDataSource       : HikariPool-1 - Starting...
2022-05-18 15:15:43.816  INFO 10840 --- [http-nio-9000-exec-8] com.zaxxer.hikari.HikariDataSource       : HikariPool-1 - Start completed.
2022-05-18 15:50:32.005  INFO 10840 --- [SpringApplicationShutdownHook] com.zaxxer.hikari.HikariDataSource       : HikariPool-1 - Shutdown initiated...
2022-05-18 15:50:32.086  INFO 10840 --- [SpringApplicationShutdownHook] com.zaxxer.hikari.HikariDataSource       : HikariPool-1 - Shutdown completed.
2022-05-18 15:50:44.154  INFO 11267 --- [main] com.example.webchat.WebchatApplication   : Starting WebchatApplication using Java 16.0.2 on iMac with PID 11267 (/Users/imac/ImChat/Boot/Webchat/target/classes started by imac in /Users/imac/ImChat/Boot)
2022-05-18 15:50:44.185  INFO 11267 --- [main] com.example.webchat.WebchatApplication   : No active profile set, falling back to 1 default profile: "default"
2022-05-18 15:50:47.161  INFO 11267 --- [main] .s.d.r.c.RepositoryConfigurationDelegate : Multiple Spring Data modules found, entering strict repository configuration mode!
2022-05-18 15:50:47.165  INFO 11267 --- [main] .s.d.r.c.RepositoryConfigurationDelegate : Bootstrapping Spring Data Redis repositories in DEFAULT mode.
2022-05-18 15:50:47.187  INFO 11267 --- [main] .s.d.r.c.RepositoryConfigurationDelegate : Finished Spring Data repository scanning in 7 ms. Found 0 Redis repository interfaces.
2022-05-18 15:50:48.191  INFO 11267 --- [main] o.s.b.w.embedded.tomcat.TomcatWebServer  : Tomcat initialized with port(s): 9000 (http)
2022-05-18 15:50:48.202  INFO 11267 --- [main] o.apache.catalina.core.StandardService   : Starting service [Tomcat]
2022-05-18 15:50:48.203  INFO 11267 --- [main] org.apache.catalina.core.StandardEngine  : Starting Servlet engine: [Apache Tomcat/9.0.62]
2022-05-18 15:50:48.335  INFO 11267 --- [main] o.a.c.c.C.[Tomcat].[localhost].[/]       : Initializing Spring embedded WebApplicationContext
2022-05-18 15:50:48.335  INFO 11267 --- [main] w.s.c.ServletWebServerApplicationContext : Root WebApplicationContext: initialization completed in 3670 ms
2022-05-18 15:50:49.868  INFO 11267 --- [main] o.s.b.w.embedded.tomcat.TomcatWebServer  : Tomcat started on port(s): 9000 (http) with context path ''
2022-05-18 15:50:49.878  INFO 11267 --- [main] com.example.webchat.WebchatApplication   : Started WebchatApplication in 6.618 seconds (JVM running for 8.739)
2022-05-18 15:53:11.155  INFO 11267 --- [http-nio-9000-exec-1] o.a.c.c.C.[Tomcat].[localhost].[/]       : Initializing Spring DispatcherServlet 'dispatcherServlet'
2022-05-18 15:53:11.195  INFO 11267 --- [http-nio-9000-exec-1] o.s.web.servlet.DispatcherServlet        : Initializing Servlet 'dispatcherServlet'
2022-05-18 15:53:11.197  INFO 11267 --- [http-nio-9000-exec-1] o.s.web.servlet.DispatcherServlet        : Completed initialization in 1 ms
2022-05-18 15:53:11.741  INFO 11267 --- [http-nio-9000-exec-1] com.zaxxer.hikari.HikariDataSource       : HikariPool-1 - Starting...
2022-05-18 15:53:12.442  INFO 11267 --- [http-nio-9000-exec-1] com.zaxxer.hikari.HikariDataSource       : HikariPool-1 - Start completed.
2022-05-18 15:57:54.253 ERROR 11267 --- [http-nio-9000-exec-5] w.s.h.ExceptionWebSocketHandlerDecorator : Closing session due to exception for StandardWebSocketSession[id=b4b44d2d-c406-d28f-c38c-be2b672ae9fc, uri=ws://127.0.0.1:9000/imServer]

java.lang.ClassCastException: class java.lang.Integer cannot be cast to class java.lang.String (java.lang.Integer and java.lang.String are in module java.base of loader 'bootstrap')
	at com.example.webchat.server.Websocket.HandleMessageImpl.Handle(HandleMessageImpl.java:77) ~[classes/:na]
	at com.example.webchat.server.Websocket.WebsocketServere.handleMessage(WebsocketServere.java:48) ~[classes/:na]
	at org.springframework.web.socket.handler.WebSocketHandlerDecorator.handleMessage(WebSocketHandlerDecorator.java:75) ~[spring-websocket-5.3.19.jar:5.3.19]
	at org.springframework.web.socket.handler.LoggingWebSocketHandlerDecorator.handleMessage(LoggingWebSocketHandlerDecorator.java:56) ~[spring-websocket-5.3.19.jar:5.3.19]
	at org.springframework.web.socket.handler.ExceptionWebSocketHandlerDecorator.handleMessage(ExceptionWebSocketHandlerDecorator.java:58) ~[spring-websocket-5.3.19.jar:5.3.19]
	at org.springframework.web.socket.adapter.standard.StandardWebSocketHandlerAdapter.handleTextMessage(StandardWebSocketHandlerAdapter.java:114) ~[spring-websocket-5.3.19.jar:5.3.19]
	at org.springframework.web.socket.adapter.standard.StandardWebSocketHandlerAdapter.access$000(StandardWebSocketHandlerAdapter.java:43) ~[spring-websocket-5.3.19.jar:5.3.19]
	at org.springframework.web.socket.adapter.standard.StandardWebSocketHandlerAdapter$3.onMessage(StandardWebSocketHandlerAdapter.java:85) ~[spring-websocket-5.3.19.jar:5.3.19]
	at org.springframework.web.socket.adapter.standard.StandardWebSocketHandlerAdapter$3.onMessage(StandardWebSocketHandlerAdapter.java:82) ~[spring-websocket-5.3.19.jar:5.3.19]
	at org.apache.tomcat.websocket.WsFrameBase.sendMessageText(WsFrameBase.java:415) ~[tomcat-embed-websocket-9.0.62.jar:9.0.62]
	at org.apache.tomcat.websocket.server.WsFrameServer.sendMessageText(WsFrameServer.java:129) ~[tomcat-embed-websocket-9.0.62.jar:9.0.62]
	at org.apache.tomcat.websocket.WsFrameBase.processDataText(WsFrameBase.java:515) ~[tomcat-embed-websocket-9.0.62.jar:9.0.62]
	at org.apache.tomcat.websocket.WsFrameBase.processData(WsFrameBase.java:301) ~[tomcat-embed-websocket-9.0.62.jar:9.0.62]
	at org.apache.tomcat.websocket.WsFrameBase.processInputBuffer(WsFrameBase.java:133) ~[tomcat-embed-websocket-9.0.62.jar:9.0.62]
	at org.apache.tomcat.websocket.server.WsFrameServer.onDataAvailable(WsFrameServer.java:85) ~[tomcat-embed-websocket-9.0.62.jar:9.0.62]
	at org.apache.tomcat.websocket.server.WsFrameServer.doOnDataAvailable(WsFrameServer.java:183) ~[tomcat-embed-websocket-9.0.62.jar:9.0.62]
	at org.apache.tomcat.websocket.server.WsFrameServer.notifyDataAvailable(WsFrameServer.java:162) ~[tomcat-embed-websocket-9.0.62.jar:9.0.62]
	at org.apache.tomcat.websocket.server.WsHttpUpgradeHandler.upgradeDispatch(WsHttpUpgradeHandler.java:157) ~[tomcat-embed-websocket-9.0.62.jar:9.0.62]
	at org.apache.coyote.http11.upgrade.UpgradeProcessorInternal.dispatch(UpgradeProcessorInternal.java:60) ~[tomcat-embed-core-9.0.62.jar:9.0.62]
	at org.apache.coyote.AbstractProcessorLight.process(AbstractProcessorLight.java:59) ~[tomcat-embed-core-9.0.62.jar:9.0.62]
	at org.apache.coyote.AbstractProtocol$ConnectionHandler.process(AbstractProtocol.java:890) ~[tomcat-embed-core-9.0.62.jar:9.0.62]
	at org.apache.tomcat.util.net.NioEndpoint$SocketProcessor.doRun(NioEndpoint.java:1743) ~[tomcat-embed-core-9.0.62.jar:9.0.62]
	at org.apache.tomcat.util.net.SocketProcessorBase.run(SocketProcessorBase.java:49) ~[tomcat-embed-core-9.0.62.jar:9.0.62]
	at org.apache.tomcat.util.threads.ThreadPoolExecutor.runWorker(ThreadPoolExecutor.java:1191) ~[tomcat-embed-core-9.0.62.jar:9.0.62]
	at org.apache.tomcat.util.threads.ThreadPoolExecutor$Worker.run(ThreadPoolExecutor.java:659) ~[tomcat-embed-core-9.0.62.jar:9.0.62]
	at org.apache.tomcat.util.threads.TaskThread$WrappingRunnable.run(TaskThread.java:61) ~[tomcat-embed-core-9.0.62.jar:9.0.62]
	at java.base/java.lang.Thread.run(Thread.java:831) ~[na:na]

2022-05-18 20:43:53.863  INFO 11267 --- [SpringApplicationShutdownHook] com.zaxxer.hikari.HikariDataSource       : HikariPool-1 - Shutdown initiated...
2022-05-18 20:43:54.627  INFO 11267 --- [SpringApplicationShutdownHook] com.zaxxer.hikari.HikariDataSource       : HikariPool-1 - Shutdown completed.
2022-05-18 20:45:18.236  INFO 17663 --- [main] com.example.webchat.WebchatApplication   : Starting WebchatApplication using Java 16.0.2 on iMac with PID 17663 (/Users/imac/ImChat/Boot/Webchat/target/classes started by imac in /Users/imac/ImChat/Boot)
2022-05-18 20:45:18.407  INFO 17663 --- [main] com.example.webchat.WebchatApplication   : No active profile set, falling back to 1 default profile: "default"
2022-05-18 20:45:38.758  INFO 17663 --- [main] .s.d.r.c.RepositoryConfigurationDelegate : Multiple Spring Data modules found, entering strict repository configuration mode!
2022-05-18 20:45:38.847  INFO 17663 --- [main] .s.d.r.c.RepositoryConfigurationDelegate : Bootstrapping Spring Data Redis repositories in DEFAULT mode.
2022-05-18 20:45:39.370  INFO 17663 --- [main] .s.d.r.c.RepositoryConfigurationDelegate : Finished Spring Data repository scanning in 28 ms. Found 0 Redis repository interfaces.
2022-05-18 20:45:49.242  INFO 17663 --- [main] o.s.b.w.embedded.tomcat.TomcatWebServer  : Tomcat initialized with port(s): 9000 (http)
2022-05-18 20:45:49.323  INFO 17663 --- [main] o.apache.catalina.core.StandardService   : Starting service [Tomcat]
2022-05-18 20:45:49.323  INFO 17663 --- [main] org.apache.catalina.core.StandardEngine  : Starting Servlet engine: [Apache Tomcat/9.0.62]
2022-05-18 20:45:49.951  INFO 17663 --- [main] o.a.c.c.C.[Tomcat].[localhost].[/]       : Initializing Spring embedded WebApplicationContext
2022-05-18 20:45:49.951  INFO 17663 --- [main] w.s.c.ServletWebServerApplicationContext : Root WebApplicationContext: initialization completed in 29919 ms
2022-05-18 20:45:52.902  INFO 17663 --- [main] o.s.b.w.embedded.tomcat.TomcatWebServer  : Tomcat started on port(s): 9000 (http) with context path ''
2022-05-18 20:45:52.942  INFO 17663 --- [main] com.example.webchat.WebchatApplication   : Started WebchatApplication in 48.873 seconds (JVM running for 65.515)
2022-05-18 20:46:36.788  INFO 17663 --- [http-nio-9000-exec-1] o.a.c.c.C.[Tomcat].[localhost].[/]       : Initializing Spring DispatcherServlet 'dispatcherServlet'
2022-05-18 20:46:36.818  INFO 17663 --- [http-nio-9000-exec-1] o.s.web.servlet.DispatcherServlet        : Initializing Servlet 'dispatcherServlet'
2022-05-18 20:46:36.819  INFO 17663 --- [http-nio-9000-exec-1] o.s.web.servlet.DispatcherServlet        : Completed initialization in 1 ms
2022-05-18 20:46:37.485  INFO 17663 --- [http-nio-9000-exec-1] com.zaxxer.hikari.HikariDataSource       : HikariPool-1 - Starting...
2022-05-18 20:46:40.118  INFO 17663 --- [http-nio-9000-exec-1] com.zaxxer.hikari.HikariDataSource       : HikariPool-1 - Start completed.
2022-05-18 20:52:01.266 ERROR 17663 --- [http-nio-9000-exec-7] w.s.h.ExceptionWebSocketHandlerDecorator : Closing session due to exception for StandardWebSocketSession[id=72cb81b4-6df8-a371-d019-2762f36509da, uri=ws://127.0.0.1:9000/imServer]

java.lang.ClassCastException: class java.lang.Integer cannot be cast to class java.lang.String (java.lang.Integer and java.lang.String are in module java.base of loader 'bootstrap')
	at com.example.webchat.server.Websocket.HandleMessageImpl.Handle(HandleMessageImpl.java:77) ~[classes/:na]
	at com.example.webchat.server.Websocket.WebsocketServere.handleMessage(WebsocketServere.java:47) ~[classes/:na]
	at org.springframework.web.socket.handler.WebSocketHandlerDecorator.handleMessage(WebSocketHandlerDecorator.java:75) ~[spring-websocket-5.3.19.jar:5.3.19]
	at org.springframework.web.socket.handler.LoggingWebSocketHandlerDecorator.handleMessage(LoggingWebSocketHandlerDecorator.java:56) ~[spring-websocket-5.3.19.jar:5.3.19]
	at org.springframework.web.socket.handler.ExceptionWebSocketHandlerDecorator.handleMessage(ExceptionWebSocketHandlerDecorator.java:58) ~[spring-websocket-5.3.19.jar:5.3.19]
	at org.springframework.web.socket.adapter.standard.StandardWebSocketHandlerAdapter.handleTextMessage(StandardWebSocketHandlerAdapter.java:114) ~[spring-websocket-5.3.19.jar:5.3.19]
	at org.springframework.web.socket.adapter.standard.StandardWebSocketHandlerAdapter.access$000(StandardWebSocketHandlerAdapter.java:43) ~[spring-websocket-5.3.19.jar:5.3.19]
	at org.springframework.web.socket.adapter.standard.StandardWebSocketHandlerAdapter$3.onMessage(StandardWebSocketHandlerAdapter.java:85) ~[spring-websocket-5.3.19.jar:5.3.19]
	at org.springframework.web.socket.adapter.standard.StandardWebSocketHandlerAdapter$3.onMessage(StandardWebSocketHandlerAdapter.java:82) ~[spring-websocket-5.3.19.jar:5.3.19]
	at org.apache.tomcat.websocket.WsFrameBase.sendMessageText(WsFrameBase.java:415) ~[tomcat-embed-websocket-9.0.62.jar:9.0.62]
	at org.apache.tomcat.websocket.server.WsFrameServer.sendMessageText(WsFrameServer.java:129) ~[tomcat-embed-websocket-9.0.62.jar:9.0.62]
	at org.apache.tomcat.websocket.WsFrameBase.processDataText(WsFrameBase.java:515) ~[tomcat-embed-websocket-9.0.62.jar:9.0.62]
	at org.apache.tomcat.websocket.WsFrameBase.processData(WsFrameBase.java:301) ~[tomcat-embed-websocket-9.0.62.jar:9.0.62]
	at org.apache.tomcat.websocket.WsFrameBase.processInputBuffer(WsFrameBase.java:133) ~[tomcat-embed-websocket-9.0.62.jar:9.0.62]
	at org.apache.tomcat.websocket.server.WsFrameServer.onDataAvailable(WsFrameServer.java:85) ~[tomcat-embed-websocket-9.0.62.jar:9.0.62]
	at org.apache.tomcat.websocket.server.WsFrameServer.doOnDataAvailable(WsFrameServer.java:183) ~[tomcat-embed-websocket-9.0.62.jar:9.0.62]
	at org.apache.tomcat.websocket.server.WsFrameServer.notifyDataAvailable(WsFrameServer.java:162) ~[tomcat-embed-websocket-9.0.62.jar:9.0.62]
	at org.apache.tomcat.websocket.server.WsHttpUpgradeHandler.upgradeDispatch(WsHttpUpgradeHandler.java:157) ~[tomcat-embed-websocket-9.0.62.jar:9.0.62]
	at org.apache.coyote.http11.upgrade.UpgradeProcessorInternal.dispatch(UpgradeProcessorInternal.java:60) ~[tomcat-embed-core-9.0.62.jar:9.0.62]
	at org.apache.coyote.AbstractProcessorLight.process(AbstractProcessorLight.java:59) ~[tomcat-embed-core-9.0.62.jar:9.0.62]
	at org.apache.coyote.AbstractProtocol$ConnectionHandler.process(AbstractProtocol.java:890) ~[tomcat-embed-core-9.0.62.jar:9.0.62]
	at org.apache.tomcat.util.net.NioEndpoint$SocketProcessor.doRun(NioEndpoint.java:1743) ~[tomcat-embed-core-9.0.62.jar:9.0.62]
	at org.apache.tomcat.util.net.SocketProcessorBase.run(SocketProcessorBase.java:49) ~[tomcat-embed-core-9.0.62.jar:9.0.62]
	at org.apache.tomcat.util.threads.ThreadPoolExecutor.runWorker(ThreadPoolExecutor.java:1191) ~[tomcat-embed-core-9.0.62.jar:9.0.62]
	at org.apache.tomcat.util.threads.ThreadPoolExecutor$Worker.run(ThreadPoolExecutor.java:659) ~[tomcat-embed-core-9.0.62.jar:9.0.62]
	at org.apache.tomcat.util.threads.TaskThread$WrappingRunnable.run(TaskThread.java:61) ~[tomcat-embed-core-9.0.62.jar:9.0.62]
	at java.base/java.lang.Thread.run(Thread.java:831) ~[na:na]

2022-05-18 20:56:13.283  INFO 17663 --- [SpringApplicationShutdownHook] com.zaxxer.hikari.HikariDataSource       : HikariPool-1 - Shutdown initiated...
2022-05-18 20:56:13.434  INFO 17663 --- [SpringApplicationShutdownHook] com.zaxxer.hikari.HikariDataSource       : HikariPool-1 - Shutdown completed.
2022-05-18 20:56:45.972  INFO 17774 --- [main] com.example.webchat.WebchatApplication   : Starting WebchatApplication using Java 16.0.2 on iMac with PID 17774 (/Users/imac/ImChat/Boot/Webchat/target/classes started by imac in /Users/imac/ImChat/Boot)
2022-05-18 20:56:45.996  INFO 17774 --- [main] com.example.webchat.WebchatApplication   : No active profile set, falling back to 1 default profile: "default"
2022-05-18 20:56:47.465  INFO 17774 --- [main] .s.d.r.c.RepositoryConfigurationDelegate : Multiple Spring Data modules found, entering strict repository configuration mode!
2022-05-18 20:56:47.498  INFO 17774 --- [main] .s.d.r.c.RepositoryConfigurationDelegate : Bootstrapping Spring Data Redis repositories in DEFAULT mode.
2022-05-18 20:56:47.557  INFO 17774 --- [main] .s.d.r.c.RepositoryConfigurationDelegate : Finished Spring Data repository scanning in 20 ms. Found 0 Redis repository interfaces.
2022-05-18 20:56:48.536  INFO 17774 --- [main] o.s.b.w.embedded.tomcat.TomcatWebServer  : Tomcat initialized with port(s): 9000 (http)
2022-05-18 20:56:48.559  INFO 17774 --- [main] o.apache.catalina.core.StandardService   : Starting service [Tomcat]
2022-05-18 20:56:48.559  INFO 17774 --- [main] org.apache.catalina.core.StandardEngine  : Starting Servlet engine: [Apache Tomcat/9.0.62]
2022-05-18 20:56:48.674  INFO 17774 --- [main] o.a.c.c.C.[Tomcat].[localhost].[/]       : Initializing Spring embedded WebApplicationContext
2022-05-18 20:56:48.675  INFO 17774 --- [main] w.s.c.ServletWebServerApplicationContext : Root WebApplicationContext: initialization completed in 2597 ms
2022-05-18 20:56:50.667  INFO 17774 --- [main] o.s.b.w.embedded.tomcat.TomcatWebServer  : Tomcat started on port(s): 9000 (http) with context path ''
2022-05-18 20:56:50.695  INFO 17774 --- [main] com.example.webchat.WebchatApplication   : Started WebchatApplication in 5.591 seconds (JVM running for 7.034)
2022-05-18 20:56:51.799  INFO 17774 --- [http-nio-9000-exec-1] o.a.c.c.C.[Tomcat].[localhost].[/]       : Initializing Spring DispatcherServlet 'dispatcherServlet'
2022-05-18 20:56:51.800  INFO 17774 --- [http-nio-9000-exec-1] o.s.web.servlet.DispatcherServlet        : Initializing Servlet 'dispatcherServlet'
2022-05-18 20:56:51.801  INFO 17774 --- [http-nio-9000-exec-1] o.s.web.servlet.DispatcherServlet        : Completed initialization in 1 ms
2022-05-18 20:57:59.451  INFO 17774 --- [http-nio-9000-exec-2] com.zaxxer.hikari.HikariDataSource       : HikariPool-1 - Starting...
2022-05-18 20:58:00.640  INFO 17774 --- [http-nio-9000-exec-2] com.zaxxer.hikari.HikariDataSource       : HikariPool-1 - Start completed.
2022-05-18 21:00:54.779  INFO 17774 --- [SpringApplicationShutdownHook] com.zaxxer.hikari.HikariDataSource       : HikariPool-1 - Shutdown initiated...
2022-05-18 21:00:54.980  INFO 17774 --- [SpringApplicationShutdownHook] com.zaxxer.hikari.HikariDataSource       : HikariPool-1 - Shutdown completed.
2022-05-18 21:01:06.391  INFO 17830 --- [main] com.example.webchat.WebchatApplication   : Starting WebchatApplication using Java 16.0.2 on iMac with PID 17830 (/Users/imac/ImChat/Boot/Webchat/target/classes started by imac in /Users/imac/ImChat/Boot)
2022-05-18 21:01:06.434  INFO 17830 --- [main] com.example.webchat.WebchatApplication   : No active profile set, falling back to 1 default profile: "default"
2022-05-18 21:01:08.628  INFO 17830 --- [main] .s.d.r.c.RepositoryConfigurationDelegate : Multiple Spring Data modules found, entering strict repository configuration mode!
2022-05-18 21:01:08.630  INFO 17830 --- [main] .s.d.r.c.RepositoryConfigurationDelegate : Bootstrapping Spring Data Redis repositories in DEFAULT mode.
2022-05-18 21:01:08.678  INFO 17830 --- [main] .s.d.r.c.RepositoryConfigurationDelegate : Finished Spring Data repository scanning in 20 ms. Found 0 Redis repository interfaces.
2022-05-18 21:01:09.938  INFO 17830 --- [main] o.s.b.w.embedded.tomcat.TomcatWebServer  : Tomcat initialized with port(s): 9000 (http)
2022-05-18 21:01:09.949  INFO 17830 --- [main] o.apache.catalina.core.StandardService   : Starting service [Tomcat]
2022-05-18 21:01:09.949  INFO 17830 --- [main] org.apache.catalina.core.StandardEngine  : Starting Servlet engine: [Apache Tomcat/9.0.62]
2022-05-18 21:01:10.098  INFO 17830 --- [main] o.a.c.c.C.[Tomcat].[localhost].[/]       : Initializing Spring embedded WebApplicationContext
2022-05-18 21:01:10.098  INFO 17830 --- [main] w.s.c.ServletWebServerApplicationContext : Root WebApplicationContext: initialization completed in 3277 ms
2022-05-18 21:01:12.163  INFO 17830 --- [main] o.s.b.w.embedded.tomcat.TomcatWebServer  : Tomcat started on port(s): 9000 (http) with context path ''
2022-05-18 21:01:12.237  INFO 17830 --- [main] com.example.webchat.WebchatApplication   : Started WebchatApplication in 7.024 seconds (JVM running for 8.613)
2022-05-18 21:01:14.620  INFO 17830 --- [http-nio-9000-exec-1] o.a.c.c.C.[Tomcat].[localhost].[/]       : Initializing Spring DispatcherServlet 'dispatcherServlet'
2022-05-18 21:01:14.625  INFO 17830 --- [http-nio-9000-exec-1] o.s.web.servlet.DispatcherServlet        : Initializing Servlet 'dispatcherServlet'
2022-05-18 21:01:14.626  INFO 17830 --- [http-nio-9000-exec-1] o.s.web.servlet.DispatcherServlet        : Completed initialization in 1 ms
2022-05-18 21:02:45.554  INFO 17850 --- [main] com.example.webchat.WebchatApplication   : Starting WebchatApplication using Java 16.0.2 on iMac with PID 17850 (/Users/imac/ImChat/Boot/Webchat/target/classes started by imac in /Users/imac/ImChat/Boot)
2022-05-18 21:02:45.584  INFO 17850 --- [main] com.example.webchat.WebchatApplication   : No active profile set, falling back to 1 default profile: "default"
2022-05-18 21:02:48.551  INFO 17850 --- [main] .s.d.r.c.RepositoryConfigurationDelegate : Multiple Spring Data modules found, entering strict repository configuration mode!
2022-05-18 21:02:48.553  INFO 17850 --- [main] .s.d.r.c.RepositoryConfigurationDelegate : Bootstrapping Spring Data Redis repositories in DEFAULT mode.
2022-05-18 21:02:48.667  INFO 17850 --- [main] .s.d.r.c.RepositoryConfigurationDelegate : Finished Spring Data repository scanning in 35 ms. Found 0 Redis repository interfaces.
2022-05-18 21:02:49.866  INFO 17850 --- [main] o.s.b.w.embedded.tomcat.TomcatWebServer  : Tomcat initialized with port(s): 9000 (http)
2022-05-18 21:02:49.877  INFO 17850 --- [main] o.apache.catalina.core.StandardService   : Starting service [Tomcat]
2022-05-18 21:02:49.877  INFO 17850 --- [main] org.apache.catalina.core.StandardEngine  : Starting Servlet engine: [Apache Tomcat/9.0.62]
2022-05-18 21:02:50.014  INFO 17850 --- [main] o.a.c.c.C.[Tomcat].[localhost].[/]       : Initializing Spring embedded WebApplicationContext
2022-05-18 21:02:50.015  INFO 17850 --- [main] w.s.c.ServletWebServerApplicationContext : Root WebApplicationContext: initialization completed in 4155 ms
2022-05-18 21:02:51.713  INFO 17850 --- [main] o.s.b.w.embedded.tomcat.TomcatWebServer  : Tomcat started on port(s): 9000 (http) with context path ''
2022-05-18 21:02:51.723  INFO 17850 --- [main] com.example.webchat.WebchatApplication   : Started WebchatApplication in 7.232 seconds (JVM running for 8.794)
2022-05-18 21:03:01.167  INFO 17850 --- [http-nio-9000-exec-1] o.a.c.c.C.[Tomcat].[localhost].[/]       : Initializing Spring DispatcherServlet 'dispatcherServlet'
2022-05-18 21:03:01.168  INFO 17850 --- [http-nio-9000-exec-1] o.s.web.servlet.DispatcherServlet        : Initializing Servlet 'dispatcherServlet'
2022-05-18 21:03:01.169  INFO 17850 --- [http-nio-9000-exec-1] o.s.web.servlet.DispatcherServlet        : Completed initialization in 1 ms
2022-05-18 21:08:20.272  INFO 17850 --- [http-nio-9000-exec-3] com.zaxxer.hikari.HikariDataSource       : HikariPool-1 - Starting...
2022-05-18 21:08:21.679  INFO 17850 --- [http-nio-9000-exec-3] com.zaxxer.hikari.HikariDataSource       : HikariPool-1 - Start completed.
2022-05-18 21:13:52.101  INFO 17850 --- [SpringApplicationShutdownHook] com.zaxxer.hikari.HikariDataSource       : HikariPool-1 - Shutdown initiated...
2022-05-18 21:13:52.224  INFO 17850 --- [SpringApplicationShutdownHook] com.zaxxer.hikari.HikariDataSource       : HikariPool-1 - Shutdown completed.
2022-05-18 21:14:02.627  INFO 18059 --- [main] com.example.webchat.WebchatApplication   : Starting WebchatApplication using Java 16.0.2 on iMac with PID 18059 (/Users/imac/ImChat/Boot/Webchat/target/classes started by imac in /Users/imac/ImChat/Boot)
2022-05-18 21:14:02.728  INFO 18059 --- [main] com.example.webchat.WebchatApplication   : No active profile set, falling back to 1 default profile: "default"
2022-05-18 21:14:04.896  INFO 18059 --- [main] .s.d.r.c.RepositoryConfigurationDelegate : Multiple Spring Data modules found, entering strict repository configuration mode!
2022-05-18 21:14:04.898  INFO 18059 --- [main] .s.d.r.c.RepositoryConfigurationDelegate : Bootstrapping Spring Data Redis repositories in DEFAULT mode.
2022-05-18 21:14:04.956  INFO 18059 --- [main] .s.d.r.c.RepositoryConfigurationDelegate : Finished Spring Data repository scanning in 21 ms. Found 0 Redis repository interfaces.
2022-05-18 21:14:05.685  INFO 18059 --- [main] o.s.b.w.embedded.tomcat.TomcatWebServer  : Tomcat initialized with port(s): 9000 (http)
2022-05-18 21:14:05.695  INFO 18059 --- [main] o.apache.catalina.core.StandardService   : Starting service [Tomcat]
2022-05-18 21:14:05.695  INFO 18059 --- [main] org.apache.catalina.core.StandardEngine  : Starting Servlet engine: [Apache Tomcat/9.0.62]
2022-05-18 21:14:05.801  INFO 18059 --- [main] o.a.c.c.C.[Tomcat].[localhost].[/]       : Initializing Spring embedded WebApplicationContext
2022-05-18 21:14:05.802  INFO 18059 --- [main] w.s.c.ServletWebServerApplicationContext : Root WebApplicationContext: initialization completed in 2793 ms
2022-05-18 21:14:07.237  INFO 18059 --- [main] o.s.b.w.embedded.tomcat.TomcatWebServer  : Tomcat started on port(s): 9000 (http) with context path ''
2022-05-18 21:14:07.248  INFO 18059 --- [main] com.example.webchat.WebchatApplication   : Started WebchatApplication in 6.541 seconds (JVM running for 8.968)
2022-05-18 21:15:06.119  INFO 18059 --- [http-nio-9000-exec-1] o.a.c.c.C.[Tomcat].[localhost].[/]       : Initializing Spring DispatcherServlet 'dispatcherServlet'
2022-05-18 21:15:06.120  INFO 18059 --- [http-nio-9000-exec-1] o.s.web.servlet.DispatcherServlet        : Initializing Servlet 'dispatcherServlet'
2022-05-18 21:15:06.121  INFO 18059 --- [http-nio-9000-exec-1] o.s.web.servlet.DispatcherServlet        : Completed initialization in 1 ms
2022-05-18 21:20:38.154  INFO 18059 --- [http-nio-9000-exec-9] com.zaxxer.hikari.HikariDataSource       : HikariPool-1 - Starting...
2022-05-18 21:20:39.044  INFO 18059 --- [http-nio-9000-exec-9] com.zaxxer.hikari.HikariDataSource       : HikariPool-1 - Start completed.
